ionic-basic/android/app/build/intermediates/manifest_merge_blame_file/debug/manifest-merger-blame-debug-report.txt
1<?xml version="1.0" encoding="utf-8"?>
2<manifest xmlns:android="http://schemas.android.com/apk/res/android"
3    package="com.firebasetest.org"
4    android:versionCode="1"
5    android:versionName="1.0" >
6
7    <uses-sdk
8        android:minSdkVersion="22"
8-->src/main/AndroidManifest.xml
9        android:targetSdkVersion="32" />
9-->src/main/AndroidManifest.xml
10
11    <!-- Permissions -->
12    <!-- Camera, Photos, input file -->
13    <uses-permission android:name="android.permission.READ_EXTERNAL_STORAGE" />
13-->src/main/AndroidManifest.xml:41:3-77
13-->src/main/AndroidManifest.xml:41:20-75
14    <uses-permission android:name="android.permission.WRITE_EXTERNAL_STORAGE" />
14-->src/main/AndroidManifest.xml:42:3-79
14-->src/main/AndroidManifest.xml:42:20-76
15    <!-- Network API -->
16    <uses-permission android:name="android.permission.ACCESS_NETWORK_STATE" />
16-->src/main/AndroidManifest.xml:44:3-77
16-->src/main/AndroidManifest.xml:44:20-74
17    <!-- Navigator.getUserMedia -->
18    <!-- Video -->
19    <uses-permission android:name="android.permission.CAMERA" />
19-->src/main/AndroidManifest.xml:47:3-63
19-->src/main/AndroidManifest.xml:47:20-60
20    <uses-permission android:name="android.permission.INTERNET" />
20-->src/main/AndroidManifest.xml:49:3-65
20-->src/main/AndroidManifest.xml:49:20-62
21    <uses-permission android:name="android.permission.ACCESS_GPS" />
21-->src/main/AndroidManifest.xml:50:3-67
21-->src/main/AndroidManifest.xml:50:20-64
22    <uses-permission android:name="android.permission.ACCESS_ASSISTED_GPS" />
22-->src/main/AndroidManifest.xml:51:3-76
22-->src/main/AndroidManifest.xml:51:20-73
23    <uses-permission android:name="android.permission.ACCESS_LOCATION" />
23-->src/main/AndroidManifest.xml:52:3-72
23-->src/main/AndroidManifest.xml:52:20-69
24    <uses-permission android:name="android.permission.ACCESS_COARSE_LOCATION" />
24-->src/main/AndroidManifest.xml:53:3-79
24-->src/main/AndroidManifest.xml:53:20-76
25    <uses-permission android:name="android.permission.ACCESS_FINE_LOCATION" />
25-->src/main/AndroidManifest.xml:54:3-77
25-->src/main/AndroidManifest.xml:54:20-74
26
27    <queries>
27-->[:capacitor-camera] AndroidManifest.xml:9:5-13:15
28        <intent>
28-->[:capacitor-camera] AndroidManifest.xml:10:9-12:18
29            <action android:name="android.media.action.IMAGE_CAPTURE" />
29-->[:capacitor-camera] AndroidManifest.xml:11:13-73
29-->[:capacitor-camera] AndroidManifest.xml:11:21-70
30        </intent>
31    </queries>
32
33    <uses-permission android:name="android.permission.VIBRATE" />
33-->[:capacitor-haptics] AndroidManifest.xml:9:5-66
33-->[:capacitor-haptics] AndroidManifest.xml:9:22-63
34
35    <application
35-->src/main/AndroidManifest.xml:5:5-37:19
36        android:allowBackup="true"
36-->src/main/AndroidManifest.xml:6:9-35
37        android:appComponentFactory="androidx.core.app.CoreComponentFactory"
37-->[androidx.core:core:1.8.0] AndroidManifest.xml:24:18-86
38        android:debuggable="true"
39        android:icon="@mipmap/ic_launcher"
39-->src/main/AndroidManifest.xml:7:9-43
40        android:label="@string/app_name"
40-->src/main/AndroidManifest.xml:8:9-41
41        android:roundIcon="@mipmap/ic_launcher_round"
41-->src/main/AndroidManifest.xml:9:9-54
42        android:supportsRtl="true"
42-->src/main/AndroidManifest.xml:10:9-35
43        android:testOnly="true"
44        android:theme="@style/AppTheme" >
44-->src/main/AndroidManifest.xml:11:9-40
45        <activity
45-->src/main/AndroidManifest.xml:13:9-26:20
46            android:name="com.firebasetest.org.MainActivity"
46-->src/main/AndroidManifest.xml:15:13-61
47            android:configChanges="orientation|keyboardHidden|keyboard|screenSize|locale|smallestScreenSize|screenLayout|uiMode"
47-->src/main/AndroidManifest.xml:14:13-129
48            android:exported="true"
48-->src/main/AndroidManifest.xml:19:13-36
49            android:label="@string/title_activity_main"
49-->src/main/AndroidManifest.xml:16:13-56
50            android:launchMode="singleTask"
50-->src/main/AndroidManifest.xml:18:13-44
51            android:theme="@style/AppTheme.NoActionBarLaunch" >
51-->src/main/AndroidManifest.xml:17:13-62
52            <intent-filter>
52-->src/main/AndroidManifest.xml:21:13-24:29
53                <action android:name="android.intent.action.MAIN" />
53-->src/main/AndroidManifest.xml:22:17-69
53-->src/main/AndroidManifest.xml:22:25-66
54
55                <category android:name="android.intent.category.LAUNCHER" />
55-->src/main/AndroidManifest.xml:23:17-77
55-->src/main/AndroidManifest.xml:23:27-74
56            </intent-filter>
57        </activity>
58
59        <provider
60            android:name="androidx.core.content.FileProvider"
60-->src/main/AndroidManifest.xml:29:13-62
61            android:authorities="com.firebasetest.org.fileprovider"
61-->src/main/AndroidManifest.xml:30:13-64
62            android:exported="false"
62-->src/main/AndroidManifest.xml:31:13-37
63            android:grantUriPermissions="true" >
63-->src/main/AndroidManifest.xml:32:13-47
64            <meta-data
64-->src/main/AndroidManifest.xml:33:13-35:64
65                android:name="android.support.FILE_PROVIDER_PATHS"
65-->src/main/AndroidManifest.xml:34:17-67
66                android:resource="@xml/file_paths" />
66-->src/main/AndroidManifest.xml:35:17-51
67        </provider>
68
69        <activity
69-->[com.google.android.gms:play-services-base:18.0.1] AndroidManifest.xml:20:9-22:45
70            android:name="com.google.android.gms.common.api.GoogleApiActivity"
70-->[com.google.android.gms:play-services-base:18.0.1] AndroidManifest.xml:20:19-85
71            android:exported="false"
71-->[com.google.android.gms:play-services-base:18.0.1] AndroidManifest.xml:22:19-43
72            android:theme="@android:style/Theme.Translucent.NoTitleBar" />
72-->[com.google.android.gms:play-services-base:18.0.1] AndroidManifest.xml:21:19-78
73
74        <meta-data
74-->[com.google.android.gms:play-services-basement:18.0.0] AndroidManifest.xml:21:9-23:69
75            android:name="com.google.android.gms.version"
75-->[com.google.android.gms:play-services-basement:18.0.0] AndroidManifest.xml:22:13-58
76            android:value="@integer/google_play_services_version" />
76-->[com.google.android.gms:play-services-basement:18.0.0] AndroidManifest.xml:23:13-66
77
78        <provider
78-->[androidx.emoji2:emoji2:1.0.0] AndroidManifest.xml:26:9-34:20
79            android:name="androidx.startup.InitializationProvider"
79-->[androidx.emoji2:emoji2:1.0.0] AndroidManifest.xml:27:13-67
80            android:authorities="com.firebasetest.org.androidx-startup"
80-->[androidx.emoji2:emoji2:1.0.0] AndroidManifest.xml:28:13-68
81            android:exported="false" >
81-->[androidx.emoji2:emoji2:1.0.0] AndroidManifest.xml:29:13-37
82            <meta-data
82-->[androidx.emoji2:emoji2:1.0.0] AndroidManifest.xml:31:13-33:52
83                android:name="androidx.emoji2.text.EmojiCompatInitializer"
83-->[androidx.emoji2:emoji2:1.0.0] AndroidManifest.xml:32:17-75
84                android:value="androidx.startup" />
84-->[androidx.emoji2:emoji2:1.0.0] AndroidManifest.xml:33:17-49
85            <meta-data
85-->[androidx.lifecycle:lifecycle-process:2.4.0] AndroidManifest.xml:31:13-33:52
86                android:name="androidx.lifecycle.ProcessLifecycleInitializer"
86-->[androidx.lifecycle:lifecycle-process:2.4.0] AndroidManifest.xml:32:17-78
87                android:value="androidx.startup" />
87-->[androidx.lifecycle:lifecycle-process:2.4.0] AndroidManifest.xml:33:17-49
88        </provider>
89    </application>
90
91</manifest>